mode: set
user-service/docs/docs.go:2017.13,2019.2 1 0
user-service/internal/domain/attachment.go:42.38,44.2 1 0
user-service/internal/domain/attachment.go:89.54,103.2 1 0
user-service/internal/domain/user.go:28.32,30.2 1 0
user-service/internal/domain/user.go:66.42,78.2 1 0
user-service/internal/domain/user_profile.go:26.39,28.2 1 0
user-service/internal/domain/user_profile.go:57.56,68.2 1 0
user-service/internal/domain/workspace.go:30.37,32.2 1 0
user-service/internal/domain/workspace.go:66.52,78.20 2 0
user-service/internal/domain/workspace.go:78.20,80.3 1 0
user-service/internal/domain/workspace.go:81.2,81.13 1 0
user-service/internal/domain/workspace.go:85.88,89.2 3 0
user-service/internal/domain/workspace.go:114.68,116.35 2 0
user-service/internal/domain/workspace.go:116.35,118.3 1 0
user-service/internal/domain/workspace.go:119.2,126.3 1 0
user-service/internal/domain/workspace_join_request.go:33.48,35.2 1 0
user-service/internal/domain/workspace_join_request.go:61.65,70.19 2 0
user-service/internal/domain/workspace_join_request.go:70.19,72.3 1 0
user-service/internal/domain/workspace_join_request.go:73.2,73.24 1 0
user-service/internal/domain/workspace_join_request.go:73.24,75.3 1 0
user-service/internal/domain/workspace_join_request.go:76.2,76.13 1 0
user-service/internal/domain/workspace_member.go:35.43,37.2 1 0
user-service/internal/domain/workspace_member.go:66.64,77.19 2 0
user-service/internal/domain/workspace_member.go:77.19,79.3 1 0
user-service/internal/domain/workspace_member.go:80.2,80.13 1 0
user-service/internal/config/config.go:80.47,85.16 3 0
user-service/internal/config/config.go:85.16,86.52 1 0
user-service/internal/config/config.go:86.52,88.4 1 0
user-service/internal/config/config.go:89.8,92.3 2 0
user-service/internal/config/config.go:95.2,98.39 2 0
user-service/internal/config/config.go:98.39,100.3 1 0
user-service/internal/config/config.go:102.2,102.18 1 0
user-service/internal/config/config.go:106.32,142.2 1 0
user-service/internal/config/config.go:145.36,147.50 1 0
user-service/internal/config/config.go:147.50,149.3 1 0
user-service/internal/config/config.go:151.2,151.40 1 0
user-service/internal/config/config.go:151.40,152.14 1 0
user-service/internal/config/config.go:153.14,154.27 1 0
user-service/internal/config/config.go:155.15,156.29 1 0
user-service/internal/config/config.go:157.11,158.23 1 0
user-service/internal/config/config.go:162.2,162.63 1 0
user-service/internal/config/config.go:162.63,164.3 1 0
user-service/internal/config/config.go:167.2,167.65 1 0
user-service/internal/config/config.go:167.65,169.17 2 0
user-service/internal/config/config.go:169.17,171.4 1 0
user-service/internal/config/config.go:171.9,177.4 5 0
user-service/internal/config/config.go:181.2,181.46 1 0
user-service/internal/config/config.go:181.46,183.3 1 0
user-service/internal/config/config.go:184.2,184.46 1 0
user-service/internal/config/config.go:184.46,186.3 1 0
user-service/internal/config/config.go:187.2,187.46 1 0
user-service/internal/config/config.go:187.46,189.3 1 0
user-service/internal/config/config.go:190.2,190.58 1 0
user-service/internal/config/config.go:190.58,192.3 1 0
user-service/internal/config/config.go:193.2,193.50 1 0
user-service/internal/config/config.go:193.50,195.3 1 0
user-service/internal/config/config.go:198.2,198.50 1 0
user-service/internal/config/config.go:198.50,200.3 1 0
user-service/internal/config/config.go:203.2,203.53 1 0
user-service/internal/config/config.go:203.53,205.3 1 0
user-service/internal/config/config.go:206.2,206.86 1 0
user-service/internal/config/config.go:206.86,208.3 1 0
user-service/internal/config/config.go:211.2,211.61 1 0
user-service/internal/config/config.go:211.61,213.3 1 0
user-service/internal/config/config.go:216.2,216.57 1 0
user-service/internal/config/config.go:216.57,218.3 1 0
user-service/internal/config/config.go:221.2,221.56 1 0
user-service/internal/config/config.go:221.56,223.3 1 0
user-service/internal/config/config.go:224.2,224.56 1 0
user-service/internal/config/config.go:224.56,226.3 1 0
user-service/internal/config/config.go:227.2,227.66 1 0
user-service/internal/config/config.go:227.66,229.3 1 0
user-service/internal/config/config.go:230.2,230.66 1 0
user-service/internal/config/config.go:230.66,232.3 1 0
user-service/internal/config/config.go:233.2,233.62 1 0
user-service/internal/config/config.go:233.62,235.3 1 0
user-service/internal/config/config.go:236.2,236.81 1 0
user-service/internal/config/config.go:236.81,238.3 1 0
user-service/internal/config/config.go:242.35,243.25 1 0
user-service/internal/config/config.go:243.25,245.3 1 0
user-service/internal/config/config.go:246.2,246.27 1 0
user-service/internal/config/config.go:246.27,248.3 1 0
user-service/internal/config/config.go:249.2,249.27 1 0
user-service/internal/config/config.go:249.27,251.3 1 0
user-service/internal/config/config.go:252.2,252.27 1 0
user-service/internal/config/config.go:252.27,254.3 1 0
user-service/internal/config/config.go:255.2,255.29 1 0
user-service/internal/config/config.go:255.29,257.3 1 0
user-service/internal/config/config.go:258.2,258.24 1 0
user-service/internal/config/config.go:258.24,260.3 1 0
user-service/internal/config/config.go:261.2,261.12 1 0
user-service/internal/config/config.go:265.42,270.2 1 0
user-service/internal/config/config.go:273.98,274.23 1 0
user-service/internal/config/config.go:274.23,276.3 1 0
user-service/internal/config/config.go:278.2,279.16 2 0
user-service/internal/config/config.go:279.16,281.3 1 0
user-service/internal/config/config.go:283.2,283.56 1 0
user-service/internal/config/config.go:283.56,285.3 1 0
user-service/internal/config/config.go:287.2,287.19 1 0
user-service/internal/config/config.go:287.19,289.3 1 0
user-service/internal/config/config.go:290.2,293.18 3 0
user-service/internal/config/config.go:293.18,295.3 1 0
user-service/internal/config/config.go:297.2,298.37 2 0
user-service/internal/config/config.go:298.37,302.3 3 0
user-service/internal/config/config.go:302.8,305.3 2 0
user-service/internal/config/config.go:307.2,308.18 2 0
user-service/internal/config/config.go:308.18,310.3 1 0
user-service/internal/config/config.go:312.2,312.48 1 0
user-service/internal/database/database.go:23.40,27.16 2 0
user-service/internal/database/database.go:27.16,29.3 1 0
user-service/internal/database/database.go:31.2,32.16 2 0
user-service/internal/database/database.go:32.16,34.3 1 0
user-service/internal/database/database.go:37.2,41.16 4 0
user-service/internal/database/database.go:45.37,54.2 1 0
user-service/internal/database/database.go:57.56,58.12 1 0
user-service/internal/database/database.go:58.12,59.7 1 0
user-service/internal/database/database.go:59.7,61.18 2 0
user-service/internal/database/database.go:61.18,63.43 1 0
user-service/internal/database/database.go:63.43,65.6 1 0
user-service/internal/database/database.go:66.5,67.11 2 0
user-service/internal/database/database.go:69.4,70.29 2 0
user-service/cmd/api/main.go:44.13,47.16 2 0
user-service/cmd/api/main.go:47.16,50.3 2 0
user-service/cmd/api/main.go:53.2,54.16 2 0
user-service/cmd/api/main.go:54.16,57.3 2 0
user-service/cmd/api/main.go:58.2,61.34 2 0
user-service/cmd/api/main.go:61.34,63.3 1 0
user-service/cmd/api/main.go:65.2,80.16 4 0
user-service/cmd/api/main.go:80.16,84.3 2 0
user-service/cmd/api/main.go:84.8,88.50 2 0
user-service/cmd/api/main.go:88.50,90.4 1 0
user-service/cmd/api/main.go:90.9,92.4 1 0
user-service/cmd/api/main.go:96.2,97.48 2 0
user-service/cmd/api/main.go:97.48,99.17 2 0
user-service/cmd/api/main.go:99.17,101.4 1 0
user-service/cmd/api/main.go:101.9,106.4 1 0
user-service/cmd/api/main.go:107.8,109.3 1 0
user-service/cmd/api/main.go:112.2,113.31 2 0
user-service/cmd/api/main.go:113.31,116.3 2 0
user-service/cmd/api/main.go:119.2,137.12 3 0
user-service/cmd/api/main.go:137.12,142.77 2 0
user-service/cmd/api/main.go:142.77,144.4 1 0
user-service/cmd/api/main.go:148.2,157.42 7 0
user-service/cmd/api/main.go:157.42,159.3 1 0
user-service/cmd/api/main.go:161.2,161.41 1 0
user-service/cmd/api/main.go:164.52,166.15 2 0
user-service/cmd/api/main.go:167.15,168.32 1 0
user-service/cmd/api/main.go:169.14,170.31 1 0
user-service/cmd/api/main.go:171.14,172.31 1 0
user-service/cmd/api/main.go:173.15,174.32 1 0
user-service/cmd/api/main.go:175.10,176.31 1 0
user-service/cmd/api/main.go:179.2,188.23 2 0
user-service/internal/client/auth_client.go:35.91,43.2 1 0
user-service/internal/client/auth_client.go:46.93,53.16 4 0
user-service/internal/client/auth_client.go:53.16,55.3 1 0
user-service/internal/client/auth_client.go:58.2,59.16 2 0
user-service/internal/client/auth_client.go:59.16,61.3 1 0
user-service/internal/client/auth_client.go:64.2,68.16 3 0
user-service/internal/client/auth_client.go:68.16,71.3 2 0
user-service/internal/client/auth_client.go:72.2,75.38 2 0
user-service/internal/client/auth_client.go:75.38,77.3 1 0
user-service/internal/client/auth_client.go:80.2,81.70 2 0
user-service/internal/client/auth_client.go:81.70,83.3 1 0
user-service/internal/client/auth_client.go:85.2,85.22 1 0
user-service/internal/client/auth_client.go:85.22,87.3 1 0
user-service/internal/client/auth_client.go:90.2,91.16 2 0
user-service/internal/client/auth_client.go:91.16,93.3 1 0
user-service/internal/client/auth_client.go:95.2,95.20 1 0
user-service/internal/client/s3_client.go:30.67,37.24 4 0
user-service/internal/client/s3_client.go:37.24,47.80 1 0
user-service/internal/client/s3_client.go:47.80,53.6 1 0
user-service/internal/client/s3_client.go:56.3,56.17 1 0
user-service/internal/client/s3_client.go:56.17,58.4 1 0
user-service/internal/client/s3_client.go:59.8,64.17 2 0
user-service/internal/client/s3_client.go:64.17,66.4 1 0
user-service/internal/client/s3_client.go:70.2,70.57 1 0
user-service/internal/client/s3_client.go:70.57,71.25 1 0
user-service/internal/client/s3_client.go:71.25,73.4 1 0
user-service/internal/client/s3_client.go:78.2,79.52 2 0
user-service/internal/client/s3_client.go:79.52,88.80 1 0
user-service/internal/client/s3_client.go:88.80,94.6 1 0
user-service/internal/client/s3_client.go:97.3,97.17 1 0
user-service/internal/client/s3_client.go:97.17,101.4 2 0
user-service/internal/client/s3_client.go:101.9,102.71 1 0
user-service/internal/client/s3_client.go:102.71,104.5 1 0
user-service/internal/client/s3_client.go:106.8,108.31 1 0
user-service/internal/client/s3_client.go:108.31,110.4 1 0
user-service/internal/client/s3_client.go:111.3,111.25 1 0
user-service/internal/client/s3_client.go:115.2,125.8 2 0
user-service/internal/client/s3_client.go:129.116,144.105 4 0
user-service/internal/client/s3_client.go:144.105,146.3 1 0
user-service/internal/client/s3_client.go:147.2,147.16 1 0
user-service/internal/client/s3_client.go:147.16,149.3 1 0
user-service/internal/client/s3_client.go:151.2,151.39 1 0
user-service/internal/client/s3_client.go:155.54,157.28 1 0
user-service/internal/client/s3_client.go:157.28,159.3 1 0
user-service/internal/client/s3_client.go:162.2,162.22 1 0
user-service/internal/client/s3_client.go:162.22,164.3 1 0
user-service/internal/client/s3_client.go:167.2,167.86 1 0
user-service/internal/client/s3_client.go:171.74,176.16 2 0
user-service/internal/client/s3_client.go:176.16,178.3 1 0
user-service/internal/client/s3_client.go:179.2,179.12 1 0
user-service/internal/handler/profile_handler.go:21.126,26.2 1 0
user-service/internal/handler/profile_handler.go:38.56,40.9 2 0
user-service/internal/handler/profile_handler.go:40.9,45.3 2 0
user-service/internal/handler/profile_handler.go:47.2,48.47 2 0
user-service/internal/handler/profile_handler.go:48.47,53.3 2 0
user-service/internal/handler/profile_handler.go:55.2,56.16 2 0
user-service/internal/handler/profile_handler.go:56.16,61.3 2 0
user-service/internal/handler/profile_handler.go:63.2,63.50 1 0
user-service/internal/handler/profile_handler.go:75.55,77.9 2 0
user-service/internal/handler/profile_handler.go:77.9,82.3 2 0
user-service/internal/handler/profile_handler.go:84.2,86.16 3 0
user-service/internal/handler/profile_handler.go:86.16,91.3 2 0
user-service/internal/handler/profile_handler.go:93.2,94.16 2 0
user-service/internal/handler/profile_handler.go:94.16,99.3 2 0
user-service/internal/handler/profile_handler.go:101.2,101.45 1 0
user-service/internal/handler/profile_handler.go:111.59,113.9 2 0
user-service/internal/handler/profile_handler.go:113.9,118.3 2 0
user-service/internal/handler/profile_handler.go:120.2,121.16 2 0
user-service/internal/handler/profile_handler.go:121.16,126.3 2 0
user-service/internal/handler/profile_handler.go:128.2,129.29 2 0
user-service/internal/handler/profile_handler.go:129.29,131.3 1 0
user-service/internal/handler/profile_handler.go:133.2,133.34 1 0
user-service/internal/handler/profile_handler.go:146.57,148.9 2 0
user-service/internal/handler/profile_handler.go:148.9,153.3 2 0
user-service/internal/handler/profile_handler.go:155.2,157.16 3 0
user-service/internal/handler/profile_handler.go:157.16,162.3 2 0
user-service/internal/handler/profile_handler.go:164.2,166.16 3 0
user-service/internal/handler/profile_handler.go:166.16,171.3 2 0
user-service/internal/handler/profile_handler.go:173.2,174.16 2 0
user-service/internal/handler/profile_handler.go:174.16,179.3 2 0
user-service/internal/handler/profile_handler.go:181.2,181.45 1 0
user-service/internal/handler/profile_handler.go:195.56,197.9 2 0
user-service/internal/handler/profile_handler.go:197.9,202.3 2 0
user-service/internal/handler/profile_handler.go:204.2,206.16 3 0
user-service/internal/handler/profile_handler.go:206.16,211.3 2 0
user-service/internal/handler/profile_handler.go:213.2,214.47 2 0
user-service/internal/handler/profile_handler.go:214.47,219.3 2 0
user-service/internal/handler/profile_handler.go:221.2,222.16 2 0
user-service/internal/handler/profile_handler.go:222.16,227.3 2 0
user-service/internal/handler/profile_handler.go:229.2,229.45 1 0
user-service/internal/handler/profile_handler.go:240.56,242.9 2 0
user-service/internal/handler/profile_handler.go:242.9,247.3 2 0
user-service/internal/handler/profile_handler.go:249.2,251.16 3 0
user-service/internal/handler/profile_handler.go:251.16,256.3 2 0
user-service/internal/handler/profile_handler.go:258.2,258.76 1 0
user-service/internal/handler/profile_handler.go:258.76,263.3 2 0
user-service/internal/handler/profile_handler.go:265.2,265.81 1 0
user-service/internal/handler/profile_handler.go:278.63,280.9 2 0
user-service/internal/handler/profile_handler.go:280.9,285.3 2 0
user-service/internal/handler/profile_handler.go:287.2,288.47 2 0
user-service/internal/handler/profile_handler.go:288.47,293.3 2 0
user-service/internal/handler/profile_handler.go:295.2,296.16 2 0
user-service/internal/handler/profile_handler.go:296.16,301.3 2 0
user-service/internal/handler/profile_handler.go:303.2,303.33 1 0
user-service/internal/handler/profile_handler.go:316.57,318.9 2 0
user-service/internal/handler/profile_handler.go:318.9,323.3 2 0
user-service/internal/handler/profile_handler.go:325.2,326.47 2 0
user-service/internal/handler/profile_handler.go:326.47,331.3 2 0
user-service/internal/handler/profile_handler.go:333.2,334.16 2 0
user-service/internal/handler/profile_handler.go:334.16,339.3 2 0
user-service/internal/handler/profile_handler.go:341.2,341.53 1 0
user-service/internal/handler/profile_handler.go:355.62,357.9 2 0
user-service/internal/handler/profile_handler.go:357.9,362.3 2 0
user-service/internal/handler/profile_handler.go:364.2,366.16 3 0
user-service/internal/handler/profile_handler.go:366.16,371.3 2 0
user-service/internal/handler/profile_handler.go:373.2,374.47 2 0
user-service/internal/handler/profile_handler.go:374.47,379.3 2 0
user-service/internal/handler/profile_handler.go:382.2,383.16 2 0
user-service/internal/handler/profile_handler.go:383.16,388.3 2 0
user-service/internal/handler/profile_handler.go:391.2,393.31 3 0
user-service/internal/handler/profile_handler.go:393.31,395.3 1 0
user-service/internal/handler/profile_handler.go:397.2,398.16 2 0
user-service/internal/handler/profile_handler.go:398.16,403.3 2 0
user-service/internal/handler/profile_handler.go:406.2,407.16 2 0
user-service/internal/handler/profile_handler.go:407.16,412.3 2 0
user-service/internal/handler/profile_handler.go:415.2,416.16 2 0
user-service/internal/handler/profile_handler.go:416.16,421.3 2 0
user-service/internal/handler/profile_handler.go:423.2,423.52 1 0
user-service/internal/handler/user_handler.go:20.68,22.2 1 0
user-service/internal/handler/user_handler.go:33.50,35.47 2 0
user-service/internal/handler/user_handler.go:35.47,40.3 2 0
user-service/internal/handler/user_handler.go:42.2,43.16 2 0
user-service/internal/handler/user_handler.go:43.16,48.3 2 0
user-service/internal/handler/user_handler.go:50.2,50.47 1 0
user-service/internal/handler/user_handler.go:61.45,63.9 2 0
user-service/internal/handler/user_handler.go:63.9,68.3 2 0
user-service/internal/handler/user_handler.go:70.2,71.16 2 0
user-service/internal/handler/user_handler.go:71.16,76.3 2 0
user-service/internal/handler/user_handler.go:78.2,78.42 1 0
user-service/internal/handler/user_handler.go:90.47,93.16 3 0
user-service/internal/handler/user_handler.go:93.16,98.3 2 0
user-service/internal/handler/user_handler.go:100.2,101.16 2 0
user-service/internal/handler/user_handler.go:101.16,106.3 2 0
user-service/internal/handler/user_handler.go:108.2,108.42 1 0
user-service/internal/handler/user_handler.go:122.50,125.16 3 0
user-service/internal/handler/user_handler.go:125.16,130.3 2 0
user-service/internal/handler/user_handler.go:133.2,134.36 2 0
user-service/internal/handler/user_handler.go:134.36,139.3 2 0
user-service/internal/handler/user_handler.go:141.2,142.47 2 0
user-service/internal/handler/user_handler.go:142.47,147.3 2 0
user-service/internal/handler/user_handler.go:149.2,150.16 2 0
user-service/internal/handler/user_handler.go:150.16,155.3 2 0
user-service/internal/handler/user_handler.go:157.2,157.42 1 0
user-service/internal/handler/user_handler.go:168.48,170.9 2 0
user-service/internal/handler/user_handler.go:170.9,175.3 2 0
user-service/internal/handler/user_handler.go:177.2,177.57 1 0
user-service/internal/handler/user_handler.go:177.57,182.3 2 0
user-service/internal/handler/user_handler.go:184.2,184.78 1 0
user-service/internal/handler/user_handler.go:196.51,199.16 3 0
user-service/internal/handler/user_handler.go:199.16,204.3 2 0
user-service/internal/handler/user_handler.go:206.2,207.16 2 0
user-service/internal/handler/user_handler.go:207.16,212.3 2 0
user-service/internal/handler/user_handler.go:214.2,214.42 1 0
user-service/internal/handler/user_handler.go:227.50,229.47 2 0
user-service/internal/handler/user_handler.go:229.47,234.3 2 0
user-service/internal/handler/user_handler.go:236.2,237.16 2 0
user-service/internal/handler/user_handler.go:237.16,242.3 2 0
user-service/internal/handler/user_handler.go:244.2,244.58 1 0
user-service/internal/handler/user_handler.go:254.50,257.16 3 0
user-service/internal/handler/user_handler.go:257.16,262.3 2 0
user-service/internal/handler/user_handler.go:264.2,265.16 2 0
user-service/internal/handler/user_handler.go:265.16,270.3 2 0
user-service/internal/handler/user_handler.go:272.2,272.48 1 0
user-service/internal/handler/workspace_handler.go:20.88,22.2 1 0
user-service/internal/handler/workspace_handler.go:34.60,36.9 2 0
user-service/internal/handler/workspace_handler.go:36.9,41.3 2 0
user-service/internal/handler/workspace_handler.go:43.2,44.47 2 0
user-service/internal/handler/workspace_handler.go:44.47,49.3 2 0
user-service/internal/handler/workspace_handler.go:51.2,52.16 2 0
user-service/internal/handler/workspace_handler.go:52.16,57.3 2 0
user-service/internal/handler/workspace_handler.go:59.2,59.52 1 0
user-service/internal/handler/workspace_handler.go:71.57,74.16 3 0
user-service/internal/handler/workspace_handler.go:74.16,79.3 2 0
user-service/internal/handler/workspace_handler.go:81.2,82.16 2 0
user-service/internal/handler/workspace_handler.go:82.16,87.3 2 0
user-service/internal/handler/workspace_handler.go:89.2,89.47 1 0
user-service/internal/handler/workspace_handler.go:99.61,101.9 2 0
user-service/internal/handler/workspace_handler.go:101.9,106.3 2 0
user-service/internal/handler/workspace_handler.go:108.2,109.16 2 0
user-service/internal/handler/workspace_handler.go:109.16,114.3 2 0
user-service/internal/handler/workspace_handler.go:117.2,118.28 2 0
user-service/internal/handler/workspace_handler.go:118.28,119.25 1 0
user-service/internal/handler/workspace_handler.go:119.25,120.12 1 0
user-service/internal/handler/workspace_handler.go:122.3,123.46 2 0
user-service/internal/handler/workspace_handler.go:123.46,125.4 1 0
user-service/internal/handler/workspace_handler.go:126.3,133.5 1 0
user-service/internal/handler/workspace_handler.go:136.2,136.34 1 0
user-service/internal/handler/workspace_handler.go:146.67,150.16 3 0
user-service/internal/handler/workspace_handler.go:150.16,155.3 2 0
user-service/internal/handler/workspace_handler.go:157.2,158.31 2 0
user-service/internal/handler/workspace_handler.go:158.31,160.3 1 0
user-service/internal/handler/workspace_handler.go:162.2,162.34 1 0
user-service/internal/handler/workspace_handler.go:176.60,178.9 2 0
user-service/internal/handler/workspace_handler.go:178.9,183.3 2 0
user-service/internal/handler/workspace_handler.go:185.2,187.16 3 0
user-service/internal/handler/workspace_handler.go:187.16,192.3 2 0
user-service/internal/handler/workspace_handler.go:194.2,195.47 2 0
user-service/internal/handler/workspace_handler.go:195.47,200.3 2 0
user-service/internal/handler/workspace_handler.go:202.2,203.16 2 0
user-service/internal/handler/workspace_handler.go:203.16,208.3 2 0
user-service/internal/handler/workspace_handler.go:210.2,210.47 1 0
user-service/internal/handler/workspace_handler.go:222.60,224.9 2 0
user-service/internal/handler/workspace_handler.go:224.9,229.3 2 0
user-service/internal/handler/workspace_handler.go:231.2,233.16 3 0
user-service/internal/handler/workspace_handler.go:233.16,238.3 2 0
user-service/internal/handler/workspace_handler.go:240.2,240.80 1 0
user-service/internal/handler/workspace_handler.go:240.80,245.3 2 0
user-service/internal/handler/workspace_handler.go:247.2,247.83 1 0
user-service/internal/handler/workspace_handler.go:259.64,261.9 2 0
user-service/internal/handler/workspace_handler.go:261.9,266.3 2 0
user-service/internal/handler/workspace_handler.go:268.2,271.47 2 0
user-service/internal/handler/workspace_handler.go:271.47,276.3 2 0
user-service/internal/handler/workspace_handler.go:278.2,279.16 2 0
user-service/internal/handler/workspace_handler.go:279.16,284.3 2 0
user-service/internal/handler/workspace_handler.go:286.2,286.84 1 0
user-service/internal/handler/workspace_handler.go:286.84,291.3 2 0
user-service/internal/handler/workspace_handler.go:293.2,293.87 1 0
user-service/internal/handler/workspace_handler.go:304.55,307.16 3 0
user-service/internal/handler/workspace_handler.go:307.16,312.3 2 0
user-service/internal/handler/workspace_handler.go:315.2,316.16 2 0
user-service/internal/handler/workspace_handler.go:316.16,321.3 2 0
user-service/internal/handler/workspace_handler.go:323.2,323.34 1 0
user-service/internal/handler/workspace_handler.go:337.57,339.9 2 0
user-service/internal/handler/workspace_handler.go:339.9,344.3 2 0
user-service/internal/handler/workspace_handler.go:346.2,348.16 3 0
user-service/internal/handler/workspace_handler.go:348.16,353.3 2 0
user-service/internal/handler/workspace_handler.go:355.2,356.47 2 0
user-service/internal/handler/workspace_handler.go:356.47,361.3 2 0
user-service/internal/handler/workspace_handler.go:363.2,364.16 2 0
user-service/internal/handler/workspace_handler.go:364.16,369.3 2 0
user-service/internal/handler/workspace_handler.go:371.2,371.49 1 0
user-service/internal/handler/workspace_handler.go:386.61,388.9 2 0
user-service/internal/handler/workspace_handler.go:388.9,393.3 2 0
user-service/internal/handler/workspace_handler.go:395.2,397.16 3 0
user-service/internal/handler/workspace_handler.go:397.16,402.3 2 0
user-service/internal/handler/workspace_handler.go:404.2,406.16 3 0
user-service/internal/handler/workspace_handler.go:406.16,411.3 2 0
user-service/internal/handler/workspace_handler.go:413.2,414.47 2 0
user-service/internal/handler/workspace_handler.go:414.47,419.3 2 0
user-service/internal/handler/workspace_handler.go:421.2,422.16 2 0
user-service/internal/handler/workspace_handler.go:422.16,427.3 2 0
user-service/internal/handler/workspace_handler.go:429.2,429.44 1 0
user-service/internal/handler/workspace_handler.go:442.57,444.9 2 0
user-service/internal/handler/workspace_handler.go:444.9,449.3 2 0
user-service/internal/handler/workspace_handler.go:451.2,453.16 3 0
user-service/internal/handler/workspace_handler.go:453.16,458.3 2 0
user-service/internal/handler/workspace_handler.go:460.2,462.16 3 0
user-service/internal/handler/workspace_handler.go:462.16,467.3 2 0
user-service/internal/handler/workspace_handler.go:469.2,469.87 1 0
user-service/internal/handler/workspace_handler.go:469.87,474.3 2 0
user-service/internal/handler/workspace_handler.go:476.2,476.80 1 0
user-service/internal/handler/workspace_handler.go:488.59,491.16 3 0
user-service/internal/handler/workspace_handler.go:491.16,496.3 2 0
user-service/internal/handler/workspace_handler.go:498.2,500.16 3 0
user-service/internal/handler/workspace_handler.go:500.16,505.3 2 0
user-service/internal/handler/workspace_handler.go:507.2,508.16 2 0
user-service/internal/handler/workspace_handler.go:508.16,513.3 2 0
user-service/internal/handler/workspace_handler.go:515.2,515.52 1 0
user-service/internal/handler/workspace_handler.go:527.62,529.9 2 0
user-service/internal/handler/workspace_handler.go:529.9,534.3 2 0
user-service/internal/handler/workspace_handler.go:536.2,537.47 2 0
user-service/internal/handler/workspace_handler.go:537.47,542.3 2 0
user-service/internal/handler/workspace_handler.go:544.2,545.16 2 0
user-service/internal/handler/workspace_handler.go:545.16,550.3 2 0
user-service/internal/handler/workspace_handler.go:552.2,552.50 1 0
user-service/internal/handler/workspace_handler.go:563.60,565.9 2 0
user-service/internal/handler/workspace_handler.go:565.9,570.3 2 0
user-service/internal/handler/workspace_handler.go:572.2,574.16 3 0
user-service/internal/handler/workspace_handler.go:574.16,579.3 2 0
user-service/internal/handler/workspace_handler.go:581.2,582.16 2 0
user-service/internal/handler/workspace_handler.go:582.16,587.3 2 0
user-service/internal/handler/workspace_handler.go:589.2,590.29 2 0
user-service/internal/handler/workspace_handler.go:590.29,592.3 1 0
user-service/internal/handler/workspace_handler.go:594.2,594.34 1 0
user-service/internal/handler/workspace_handler.go:608.63,610.9 2 0
user-service/internal/handler/workspace_handler.go:610.9,615.3 2 0
user-service/internal/handler/workspace_handler.go:617.2,619.16 3 0
user-service/internal/handler/workspace_handler.go:619.16,624.3 2 0
user-service/internal/handler/workspace_handler.go:626.2,628.16 3 0
user-service/internal/handler/workspace_handler.go:628.16,633.3 2 0
user-service/internal/handler/workspace_handler.go:635.2,636.47 2 0
user-service/internal/handler/workspace_handler.go:636.47,641.3 2 0
user-service/internal/handler/workspace_handler.go:643.2,644.16 2 0
user-service/internal/handler/workspace_handler.go:644.16,649.3 2 0
user-service/internal/handler/workspace_handler.go:651.2,651.45 1 0
user-service/internal/handler/workspace_handler.go:662.65,665.16 3 0
user-service/internal/handler/workspace_handler.go:665.16,670.3 2 0
user-service/internal/handler/workspace_handler.go:672.2,673.16 2 0
user-service/internal/handler/workspace_handler.go:673.16,678.3 2 0
user-service/internal/handler/workspace_handler.go:680.2,680.55 1 0
user-service/internal/handler/workspace_handler.go:693.68,695.9 2 0
user-service/internal/handler/workspace_handler.go:695.9,700.3 2 0
user-service/internal/handler/workspace_handler.go:702.2,704.16 3 0
user-service/internal/handler/workspace_handler.go:704.16,709.3 2 0
user-service/internal/handler/workspace_handler.go:711.2,712.47 2 0
user-service/internal/handler/workspace_handler.go:712.47,717.3 2 0
user-service/internal/handler/workspace_handler.go:719.2,720.16 2 0
user-service/internal/handler/workspace_handler.go:720.16,725.3 2 0
user-service/internal/handler/workspace_handler.go:727.2,727.55 1 0
user-service/internal/middleware/auth.go:20.66,21.30 1 0
user-service/internal/middleware/auth.go:21.30,23.23 2 0
user-service/internal/middleware/auth.go:23.23,32.4 3 0
user-service/internal/middleware/auth.go:34.3,35.46 2 0
user-service/internal/middleware/auth.go:35.46,44.4 3 0
user-service/internal/middleware/auth.go:46.3,52.17 5 0
user-service/internal/middleware/auth.go:52.17,61.4 3 0
user-service/internal/middleware/auth.go:63.3,65.11 3 0
user-service/internal/middleware/auth.go:70.45,71.30 1 0
user-service/internal/middleware/auth.go:71.30,73.23 2 0
user-service/internal/middleware/auth.go:73.23,82.4 3 0
user-service/internal/middleware/auth.go:84.3,85.46 2 0
user-service/internal/middleware/auth.go:85.46,94.4 3 0
user-service/internal/middleware/auth.go:96.3,98.84 2 0
user-service/internal/middleware/auth.go:98.84,99.59 1 0
user-service/internal/middleware/auth.go:99.59,101.5 1 0
user-service/internal/middleware/auth.go:102.4,102.33 1 0
user-service/internal/middleware/auth.go:105.3,105.33 1 0
user-service/internal/middleware/auth.go:105.33,114.4 3 0
user-service/internal/middleware/auth.go:116.3,117.10 2 0
user-service/internal/middleware/auth.go:117.10,126.4 3 0
user-service/internal/middleware/auth.go:128.3,129.48 2 0
user-service/internal/middleware/auth.go:129.48,131.4 1 0
user-service/internal/middleware/auth.go:131.9,131.51 1 0
user-service/internal/middleware/auth.go:131.51,133.4 1 0
user-service/internal/middleware/auth.go:133.9,133.51 1 0
user-service/internal/middleware/auth.go:133.51,135.4 1 0
user-service/internal/middleware/auth.go:135.9,144.4 3 0
user-service/internal/middleware/auth.go:146.3,147.17 2 0
user-service/internal/middleware/auth.go:147.17,156.4 3 0
user-service/internal/middleware/auth.go:158.3,160.11 3 0
user-service/internal/middleware/auth.go:165.50,167.13 2 0
user-service/internal/middleware/auth.go:167.13,169.3 1 0
user-service/internal/middleware/auth.go:170.2,171.16 2 0
user-service/internal/router/router.go:31.36,81.27 24 0
user-service/internal/router/router.go:81.27,83.3 1 0
user-service/internal/router/router.go:83.8,85.3 1 0
user-service/internal/router/router.go:90.2,91.2 2 0
user-service/internal/router/router.go:91.2,94.3 2 0
user-service/internal/router/router.go:99.2,100.2 2 0
user-service/internal/router/router.go:100.2,107.3 6 0
user-service/internal/router/router.go:112.2,114.2 3 0
user-service/internal/router/router.go:114.2,139.3 18 0
user-service/internal/router/router.go:144.2,146.2 3 0
user-service/internal/router/router.go:146.2,158.3 9 0
user-service/internal/router/router.go:160.2,160.10 1 0
user-service/internal/repository/attachment_repository.go:18.65,20.2 1 0
user-service/internal/repository/attachment_repository.go:23.76,25.2 1 0
user-service/internal/repository/attachment_repository.go:28.83,31.16 3 0
user-service/internal/repository/attachment_repository.go:31.16,33.3 1 0
user-service/internal/repository/attachment_repository.go:34.2,34.25 1 0
user-service/internal/repository/attachment_repository.go:38.124,42.2 3 0
user-service/internal/repository/attachment_repository.go:45.94,49.2 3 0
user-service/internal/repository/attachment_repository.go:52.76,54.2 1 0
user-service/internal/repository/attachment_repository.go:57.90,65.2 1 0
user-service/internal/repository/attachment_repository.go:68.63,72.2 1 0
user-service/internal/repository/attachment_repository.go:75.54,78.2 1 0
user-service/internal/repository/attachment_repository.go:81.75,85.2 3 0
user-service/internal/repository/join_request_repository.go:16.67,18.2 1 0
user-service/internal/repository/join_request_repository.go:21.84,23.2 1 0
user-service/internal/repository/join_request_repository.go:26.94,29.16 3 0
user-service/internal/repository/join_request_repository.go:29.16,31.3 1 0
user-service/internal/repository/join_request_repository.go:32.2,32.22 1 0
user-service/internal/repository/join_request_repository.go:36.125,39.16 3 0
user-service/internal/repository/join_request_repository.go:39.16,41.3 1 0
user-service/internal/repository/join_request_repository.go:42.2,42.22 1 0
user-service/internal/repository/join_request_repository.go:46.118,52.2 3 0
user-service/internal/repository/join_request_repository.go:55.111,59.2 3 0
user-service/internal/repository/join_request_repository.go:62.108,68.2 3 0
user-service/internal/repository/join_request_repository.go:71.84,73.2 1 0
user-service/internal/repository/join_request_repository.go:76.60,78.2 1 0
user-service/internal/repository/join_request_repository.go:81.96,87.2 3 0
user-service/internal/repository/user_profile_repository.go:16.67,18.2 1 0
user-service/internal/repository/user_profile_repository.go:21.75,23.2 1 0
user-service/internal/repository/user_profile_repository.go:26.85,29.16 3 0
user-service/internal/repository/user_profile_repository.go:29.16,31.3 1 0
user-service/internal/repository/user_profile_repository.go:32.2,32.22 1 0
user-service/internal/repository/user_profile_repository.go:36.116,39.16 3 0
user-service/internal/repository/user_profile_repository.go:39.16,41.3 1 0
user-service/internal/repository/user_profile_repository.go:42.2,42.22 1 0
user-service/internal/repository/user_profile_repository.go:46.92,50.2 3 0
user-service/internal/repository/user_profile_repository.go:53.102,57.2 3 0
user-service/internal/repository/user_profile_repository.go:60.75,62.2 1 0
user-service/internal/repository/user_profile_repository.go:65.60,67.2 1 0
user-service/internal/repository/user_profile_repository.go:70.95,72.2 1 0
user-service/internal/repository/user_repository.go:16.53,18.2 1 0
user-service/internal/repository/user_repository.go:21.58,23.2 1 0
user-service/internal/repository/user_repository.go:26.71,29.16 3 0
user-service/internal/repository/user_repository.go:29.16,31.3 1 0
user-service/internal/repository/user_repository.go:32.2,32.19 1 0
user-service/internal/repository/user_repository.go:36.85,39.16 3 0
user-service/internal/repository/user_repository.go:39.16,41.3 1 0
user-service/internal/repository/user_repository.go:42.2,42.19 1 0
user-service/internal/repository/user_repository.go:46.74,49.16 3 0
user-service/internal/repository/user_repository.go:49.16,51.3 1 0
user-service/internal/repository/user_repository.go:52.2,52.19 1 0
user-service/internal/repository/user_repository.go:56.80,59.16 3 0
user-service/internal/repository/user_repository.go:59.16,61.3 1 0
user-service/internal/repository/user_repository.go:62.2,62.19 1 0
user-service/internal/repository/user_repository.go:66.58,68.2 1 0
user-service/internal/repository/user_repository.go:71.57,78.2 1 0
user-service/internal/repository/user_repository.go:81.54,88.2 1 0
user-service/internal/repository/user_repository.go:91.61,95.2 3 0
user-service/internal/repository/workspace_member_repository.go:16.75,18.2 1 0
user-service/internal/repository/workspace_member_repository.go:21.82,23.2 1 0
user-service/internal/repository/workspace_member_repository.go:26.93,29.16 3 0
user-service/internal/repository/workspace_member_repository.go:29.16,31.3 1 0
user-service/internal/repository/workspace_member_repository.go:32.2,32.21 1 0
user-service/internal/repository/workspace_member_repository.go:36.124,39.16 3 0
user-service/internal/repository/workspace_member_repository.go:39.16,41.3 1 0
user-service/internal/repository/workspace_member_repository.go:42.2,42.21 1 0
user-service/internal/repository/workspace_member_repository.go:46.110,50.2 3 0
user-service/internal/repository/workspace_member_repository.go:53.100,61.2 3 0
user-service/internal/repository/workspace_member_repository.go:64.109,71.16 3 0
user-service/internal/repository/workspace_member_repository.go:71.16,73.3 1 0
user-service/internal/repository/workspace_member_repository.go:74.2,74.21 1 0
user-service/internal/repository/workspace_member_repository.go:78.82,80.2 1 0
user-service/internal/repository/workspace_member_repository.go:83.64,87.2 1 0
user-service/internal/repository/workspace_member_repository.go:90.85,94.49 1 0
user-service/internal/repository/workspace_member_repository.go:94.49,96.3 1 0
user-service/internal/repository/workspace_member_repository.go:98.2,100.35 1 0
user-service/internal/repository/workspace_member_repository.go:104.91,110.2 3 0
user-service/internal/repository/workspace_member_repository.go:113.101,116.16 3 0
user-service/internal/repository/workspace_member_repository.go:116.16,118.3 1 0
user-service/internal/repository/workspace_member_repository.go:119.2,119.29 1 0
user-service/internal/repository/workspace_repository.go:16.63,18.2 1 0
user-service/internal/repository/workspace_repository.go:21.73,23.2 1 0
user-service/internal/repository/workspace_repository.go:26.81,29.16 3 0
user-service/internal/repository/workspace_repository.go:29.16,31.3 1 0
user-service/internal/repository/workspace_repository.go:32.2,32.24 1 0
user-service/internal/repository/workspace_repository.go:36.90,39.16 3 0
user-service/internal/repository/workspace_repository.go:39.16,41.3 1 0
user-service/internal/repository/workspace_repository.go:42.2,42.24 1 0
user-service/internal/repository/workspace_repository.go:46.92,50.2 3 0
user-service/internal/repository/workspace_repository.go:53.89,59.2 3 0
user-service/internal/repository/workspace_repository.go:62.73,64.2 1 0
user-service/internal/repository/workspace_repository.go:67.62,74.2 1 0
user-service/internal/repository/workspace_repository.go:77.66,81.2 3 0
user-service/internal/service/attachment_service.go:41.22,47.2 1 0
user-service/internal/service/attachment_service.go:50.159,52.58 1 0
user-service/internal/service/attachment_service.go:52.58,54.3 1 0
user-service/internal/service/attachment_service.go:57.2,57.32 1 0
user-service/internal/service/attachment_service.go:57.32,59.3 1 0
user-service/internal/service/attachment_service.go:62.2,63.16 2 0
user-service/internal/service/attachment_service.go:63.16,66.3 2 0
user-service/internal/service/attachment_service.go:68.2,74.8 2 0
user-service/internal/service/attachment_service.go:78.145,80.58 1 0
user-service/internal/service/attachment_service.go:80.58,82.3 1 0
user-service/internal/service/attachment_service.go:84.2,101.60 4 0
user-service/internal/service/attachment_service.go:101.60,104.3 2 0
user-service/internal/service/attachment_service.go:106.2,107.24 2 0
user-service/internal/service/attachment_service.go:111.148,113.16 2 0
user-service/internal/service/attachment_service.go:113.16,115.3 1 0
user-service/internal/service/attachment_service.go:118.2,118.37 1 0
user-service/internal/service/attachment_service.go:118.37,120.3 1 0
user-service/internal/service/attachment_service.go:123.2,123.54 1 0
user-service/internal/service/attachment_service.go:123.54,125.3 1 0
user-service/internal/service/attachment_service.go:128.2,128.83 1 0
user-service/internal/service/attachment_service.go:128.83,131.3 2 0
user-service/internal/service/attachment_service.go:133.2,138.24 5 0
user-service/internal/service/attachment_service.go:142.95,144.2 1 0
user-service/internal/service/attachment_service.go:147.115,149.16 2 0
user-service/internal/service/attachment_service.go:149.16,151.3 1 0
user-service/internal/service/attachment_service.go:154.2,154.37 1 0
user-service/internal/service/attachment_service.go:154.37,156.3 1 0
user-service/internal/service/attachment_service.go:159.2,160.60 2 0
user-service/internal/service/attachment_service.go:160.60,163.3 1 0
user-service/internal/service/attachment_service.go:166.2,166.66 1 0
user-service/internal/service/attachment_service.go:166.66,169.3 2 0
user-service/internal/service/attachment_service.go:171.2,172.12 2 0
user-service/internal/service/attachment_service.go:176.82,179.16 2 0
user-service/internal/service/attachment_service.go:179.16,182.3 2 0
user-service/internal/service/attachment_service.go:184.2,184.37 1 0
user-service/internal/service/attachment_service.go:184.37,187.61 2 0
user-service/internal/service/attachment_service.go:187.61,189.4 1 0
user-service/internal/service/attachment_service.go:193.2,193.57 1 0
user-service/internal/service/attachment_service.go:193.57,196.3 2 0
user-service/internal/service/attachment_service.go:198.2,199.12 2 0
user-service/internal/service/profile_service.go:28.19,35.2 1 0
user-service/internal/service/profile_service.go:38.120,41.16 2 0
user-service/internal/service/profile_service.go:41.16,43.3 1 0
user-service/internal/service/profile_service.go:44.2,44.15 1 0
user-service/internal/service/profile_service.go:44.15,46.3 1 0
user-service/internal/service/profile_service.go:49.2,50.21 2 0
user-service/internal/service/profile_service.go:50.21,52.3 1 0
user-service/internal/service/profile_service.go:54.2,65.54 2 0
user-service/internal/service/profile_service.go:65.54,68.3 2 0
user-service/internal/service/profile_service.go:70.2,71.21 2 0
user-service/internal/service/profile_service.go:75.99,77.2 1 0
user-service/internal/service/profile_service.go:80.91,82.2 1 0
user-service/internal/service/profile_service.go:85.117,88.16 2 0
user-service/internal/service/profile_service.go:88.16,90.3 1 0
user-service/internal/service/profile_service.go:91.2,91.15 1 0
user-service/internal/service/profile_service.go:91.15,93.3 1 0
user-service/internal/service/profile_service.go:95.2,95.72 1 0
user-service/internal/service/profile_service.go:99.133,101.16 2 0
user-service/internal/service/profile_service.go:101.16,103.3 1 0
user-service/internal/service/profile_service.go:105.2,105.25 1 0
user-service/internal/service/profile_service.go:105.25,107.3 1 0
user-service/internal/service/profile_service.go:108.2,108.32 1 0
user-service/internal/service/profile_service.go:108.32,110.3 1 0
user-service/internal/service/profile_service.go:111.2,113.54 2 0
user-service/internal/service/profile_service.go:113.54,116.3 2 0
user-service/internal/service/profile_service.go:118.2,119.21 2 0
user-service/internal/service/profile_service.go:123.77,124.84 1 0
user-service/internal/service/profile_service.go:124.84,127.3 2 0
user-service/internal/service/profile_service.go:128.2,129.12 2 0
user-service/internal/service/profile_service.go:133.122,135.16 2 0
user-service/internal/service/profile_service.go:135.16,137.3 1 0
user-service/internal/service/profile_service.go:139.2,142.54 3 0
user-service/internal/service/profile_service.go:142.54,145.3 2 0
user-service/internal/service/profile_service.go:147.2,148.21 2 0
user-service/internal/service/profile_service.go:152.129,155.28 2 0
user-service/internal/service/profile_service.go:155.28,161.41 3 0
user-service/internal/service/profile_service.go:161.41,165.4 2 0
user-service/internal/service/profile_service.go:165.9,168.39 2 0
user-service/internal/service/profile_service.go:168.39,171.5 2 0
user-service/internal/service/profile_service.go:172.4,174.53 2 0
user-service/internal/service/profile_service.go:179.2,180.34 2 0
user-service/internal/service/profile_service.go:180.34,182.3 1 0
user-service/internal/service/profile_service.go:185.2,191.16 3 0
user-service/internal/service/profile_service.go:191.16,194.3 2 0
user-service/internal/service/profile_service.go:196.2,206.57 2 0
user-service/internal/service/profile_service.go:206.57,209.3 2 0
user-service/internal/service/profile_service.go:211.2,212.24 2 0
user-service/internal/service/user_service.go:22.91,27.2 1 0
user-service/internal/service/user_service.go:30.86,33.39 2 0
user-service/internal/service/user_service.go:33.39,35.3 1 0
user-service/internal/service/user_service.go:36.2,36.59 1 0
user-service/internal/service/user_service.go:36.59,38.3 1 0
user-service/internal/service/user_service.go:40.2,41.24 2 0
user-service/internal/service/user_service.go:41.24,43.3 1 0
user-service/internal/service/user_service.go:45.2,55.48 2 0
user-service/internal/service/user_service.go:55.48,58.3 2 0
user-service/internal/service/user_service.go:60.2,61.18 2 0
user-service/internal/service/user_service.go:65.67,67.2 1 0
user-service/internal/service/user_service.go:70.74,72.2 1 0
user-service/internal/service/user_service.go:75.80,77.2 1 0
user-service/internal/service/user_service.go:80.100,82.16 2 0
user-service/internal/service/user_service.go:82.16,84.3 1 0
user-service/internal/service/user_service.go:86.2,86.22 1 0
user-service/internal/service/user_service.go:86.22,88.3 1 0
user-service/internal/service/user_service.go:89.2,89.25 1 0
user-service/internal/service/user_service.go:89.25,91.3 1 0
user-service/internal/service/user_service.go:92.2,94.48 2 0
user-service/internal/service/user_service.go:94.48,97.3 2 0
user-service/internal/service/user_service.go:99.2,100.18 2 0
user-service/internal/service/user_service.go:104.54,105.50 1 0
user-service/internal/service/user_service.go:105.50,108.3 2 0
user-service/internal/service/user_service.go:109.2,110.12 2 0
user-service/internal/service/user_service.go:114.71,115.47 1 0
user-service/internal/service/user_service.go:115.47,118.3 2 0
user-service/internal/service/user_service.go:119.2,120.32 2 0
user-service/internal/service/user_service.go:124.62,126.2 1 0
user-service/internal/service/user_service.go:129.94,131.21 1 0
user-service/internal/service/user_service.go:131.21,133.17 2 0
user-service/internal/service/user_service.go:133.17,135.4 1 0
user-service/internal/service/user_service.go:136.3,136.46 1 0
user-service/internal/service/user_service.go:136.46,138.4 1 0
user-service/internal/service/user_service.go:142.2,143.16 2 0
user-service/internal/service/user_service.go:143.16,145.46 1 0
user-service/internal/service/user_service.go:145.46,148.50 3 0
user-service/internal/service/user_service.go:148.50,150.5 1 0
user-service/internal/service/user_service.go:152.3,152.19 1 0
user-service/internal/service/user_service.go:154.2,154.45 1 0
user-service/internal/service/user_service.go:154.45,156.3 1 0
user-service/internal/service/user_service.go:159.2,163.4 1 0
user-service/internal/service/user_service.go:167.97,172.16 3 0
user-service/internal/service/user_service.go:172.16,174.36 1 0
user-service/internal/service/user_service.go:174.36,177.50 3 0
user-service/internal/service/user_service.go:177.50,179.5 1 0
user-service/internal/service/user_service.go:181.3,182.19 2 0
user-service/internal/service/user_service.go:184.2,184.45 1 0
user-service/internal/service/user_service.go:184.45,187.3 2 0
user-service/internal/service/user_service.go:190.2,200.51 2 0
user-service/internal/service/user_service.go:200.51,203.3 2 0
user-service/internal/service/user_service.go:205.2,206.21 2 0
user-service/internal/service/workspace_service.go:33.21,42.2 1 0
user-service/internal/service/workspace_service.go:45.125,49.16 2 0
user-service/internal/service/workspace_service.go:49.16,52.3 2 0
user-service/internal/service/workspace_service.go:53.2,53.13 1 0
user-service/internal/service/workspace_service.go:53.13,56.3 2 0
user-service/internal/service/workspace_service.go:59.2,60.25 2 0
user-service/internal/service/workspace_service.go:60.25,62.3 1 0
user-service/internal/service/workspace_service.go:63.2,64.29 2 0
user-service/internal/service/workspace_service.go:64.29,66.3 1 0
user-service/internal/service/workspace_service.go:68.2,80.58 2 0
user-service/internal/service/workspace_service.go:80.58,83.3 2 0
user-service/internal/service/workspace_service.go:86.2,96.52 2 0
user-service/internal/service/workspace_service.go:96.52,99.3 1 0
user-service/internal/service/workspace_service.go:102.2,103.16 2 0
user-service/internal/service/workspace_service.go:103.16,106.28 2 0
user-service/internal/service/workspace_service.go:106.28,108.4 1 0
user-service/internal/service/workspace_service.go:109.3,118.55 2 0
user-service/internal/service/workspace_service.go:118.55,120.4 1 0
user-service/internal/service/workspace_service.go:123.2,124.23 2 0
user-service/internal/service/workspace_service.go:128.82,130.2 1 0
user-service/internal/service/workspace_service.go:133.91,135.2 1 0
user-service/internal/service/workspace_service.go:138.98,140.2 1 0
user-service/internal/service/workspace_service.go:143.96,145.2 1 0
user-service/internal/service/workspace_service.go:148.92,150.2 1 0
user-service/internal/service/workspace_service.go:153.138,155.16 2 0
user-service/internal/service/workspace_service.go:155.16,157.3 1 0
user-service/internal/service/workspace_service.go:160.2,160.33 1 0
user-service/internal/service/workspace_service.go:160.33,162.3 1 0
user-service/internal/service/workspace_service.go:164.2,164.30 1 0
user-service/internal/service/workspace_service.go:164.30,166.3 1 0
user-service/internal/service/workspace_service.go:167.2,167.37 1 0
user-service/internal/service/workspace_service.go:167.37,169.3 1 0
user-service/internal/service/workspace_service.go:170.2,170.25 1 0
user-service/internal/service/workspace_service.go:170.25,172.3 1 0
user-service/internal/service/workspace_service.go:173.2,173.29 1 0
user-service/internal/service/workspace_service.go:173.29,175.3 1 0
user-service/internal/service/workspace_service.go:177.2,177.58 1 0
user-service/internal/service/workspace_service.go:177.58,180.3 2 0
user-service/internal/service/workspace_service.go:182.2,183.23 2 0
user-service/internal/service/workspace_service.go:187.154,189.16 2 0
user-service/internal/service/workspace_service.go:189.16,191.3 1 0
user-service/internal/service/workspace_service.go:194.2,194.33 1 0
user-service/internal/service/workspace_service.go:194.33,196.3 1 0
user-service/internal/service/workspace_service.go:198.2,198.30 1 0
user-service/internal/service/workspace_service.go:198.30,200.3 1 0
user-service/internal/service/workspace_service.go:201.2,201.37 1 0
user-service/internal/service/workspace_service.go:201.37,203.3 1 0
user-service/internal/service/workspace_service.go:204.2,204.25 1 0
user-service/internal/service/workspace_service.go:204.25,206.3 1 0
user-service/internal/service/workspace_service.go:207.2,207.33 1 0
user-service/internal/service/workspace_service.go:207.33,209.3 1 0
user-service/internal/service/workspace_service.go:210.2,210.35 1 0
user-service/internal/service/workspace_service.go:210.35,212.3 1 0
user-service/internal/service/workspace_service.go:214.2,214.58 1 0
user-service/internal/service/workspace_service.go:214.58,217.3 2 0
user-service/internal/service/workspace_service.go:219.2,220.23 2 0
user-service/internal/service/workspace_service.go:224.82,226.16 2 0
user-service/internal/service/workspace_service.go:226.16,228.3 1 0
user-service/internal/service/workspace_service.go:231.2,231.33 1 0
user-service/internal/service/workspace_service.go:231.33,233.3 1 0
user-service/internal/service/workspace_service.go:235.2,235.55 1 0
user-service/internal/service/workspace_service.go:235.55,238.3 2 0
user-service/internal/service/workspace_service.go:240.2,241.12 2 0
user-service/internal/service/workspace_service.go:245.85,248.16 2 0
user-service/internal/service/workspace_service.go:248.16,250.3 1 0
user-service/internal/service/workspace_service.go:251.2,251.15 1 0
user-service/internal/service/workspace_service.go:251.15,253.3 1 0
user-service/internal/service/workspace_service.go:255.2,255.53 1 0
user-service/internal/service/workspace_service.go:259.96,261.2 1 0
user-service/internal/service/workspace_service.go:264.116,266.16 2 0
user-service/internal/service/workspace_service.go:266.16,268.3 1 0
user-service/internal/service/workspace_service.go:271.2,272.16 2 0
user-service/internal/service/workspace_service.go:272.16,275.3 1 0
user-service/internal/service/workspace_service.go:278.2,279.26 2 0
user-service/internal/service/workspace_service.go:279.26,281.3 1 0
user-service/internal/service/workspace_service.go:284.2,285.28 2 0
user-service/internal/service/workspace_service.go:285.28,289.46 2 0
user-service/internal/service/workspace_service.go:289.46,292.38 3 0
user-service/internal/service/workspace_service.go:292.38,294.5 1 0
user-service/internal/service/workspace_service.go:297.3,297.22 1 0
user-service/internal/service/workspace_service.go:300.2,300.23 1 0
user-service/internal/service/workspace_service.go:304.140,307.16 2 0
user-service/internal/service/workspace_service.go:307.16,309.3 1 0
user-service/internal/service/workspace_service.go:310.2,310.58 1 0
user-service/internal/service/workspace_service.go:310.58,312.3 1 0
user-service/internal/service/workspace_service.go:315.2,316.16 2 0
user-service/internal/service/workspace_service.go:316.16,317.45 1 0
user-service/internal/service/workspace_service.go:317.45,319.4 1 0
user-service/internal/service/workspace_service.go:320.3,320.18 1 0
user-service/internal/service/workspace_service.go:324.2,325.16 2 0
user-service/internal/service/workspace_service.go:325.16,327.3 1 0
user-service/internal/service/workspace_service.go:328.2,328.14 1 0
user-service/internal/service/workspace_service.go:328.14,330.3 1 0
user-service/internal/service/workspace_service.go:333.2,334.24 2 0
user-service/internal/service/workspace_service.go:334.24,336.3 1 0
user-service/internal/service/workspace_service.go:338.2,348.52 2 0
user-service/internal/service/workspace_service.go:348.52,351.3 2 0
user-service/internal/service/workspace_service.go:355.2,356.26 2 0
user-service/internal/service/workspace_service.go:356.26,358.3 1 0
user-service/internal/service/workspace_service.go:359.2,368.54 2 0
user-service/internal/service/workspace_service.go:368.54,370.3 1 0
user-service/internal/service/workspace_service.go:372.2,374.20 3 0
user-service/internal/service/workspace_service.go:378.158,381.16 2 0
user-service/internal/service/workspace_service.go:381.16,383.3 1 0
user-service/internal/service/workspace_service.go:384.2,384.30 1 0
user-service/internal/service/workspace_service.go:384.30,386.3 1 0
user-service/internal/service/workspace_service.go:388.2,389.16 2 0
user-service/internal/service/workspace_service.go:389.16,391.3 1 0
user-service/internal/service/workspace_service.go:393.2,393.39 1 0
user-service/internal/service/workspace_service.go:393.39,395.3 1 0
user-service/internal/service/workspace_service.go:398.2,398.41 1 0
user-service/internal/service/workspace_service.go:398.41,400.3 1 0
user-service/internal/service/workspace_service.go:402.2,405.52 3 0
user-service/internal/service/workspace_service.go:405.52,408.3 2 0
user-service/internal/service/workspace_service.go:410.2,411.20 2 0
user-service/internal/service/workspace_service.go:415.91,418.16 2 0
user-service/internal/service/workspace_service.go:418.16,420.3 1 0
user-service/internal/service/workspace_service.go:421.2,421.58 1 0
user-service/internal/service/workspace_service.go:421.58,423.3 1 0
user-service/internal/service/workspace_service.go:425.2,426.16 2 0
user-service/internal/service/workspace_service.go:426.16,428.3 1 0
user-service/internal/service/workspace_service.go:430.2,430.39 1 0
user-service/internal/service/workspace_service.go:430.39,432.3 1 0
user-service/internal/service/workspace_service.go:435.2,435.41 1 0
user-service/internal/service/workspace_service.go:435.41,437.3 1 0
user-service/internal/service/workspace_service.go:440.2,440.69 1 0
user-service/internal/service/workspace_service.go:440.69,442.3 1 0
user-service/internal/service/workspace_service.go:444.2,444.54 1 0
user-service/internal/service/workspace_service.go:444.54,447.3 2 0
user-service/internal/service/workspace_service.go:449.2,450.12 2 0
user-service/internal/service/workspace_service.go:454.82,456.2 1 0
user-service/internal/service/workspace_service.go:459.94,461.2 1 0
user-service/internal/service/workspace_service.go:464.115,467.16 2 0
user-service/internal/service/workspace_service.go:467.16,469.3 1 0
user-service/internal/service/workspace_service.go:470.2,470.25 1 0
user-service/internal/service/workspace_service.go:470.25,472.3 1 0
user-service/internal/service/workspace_service.go:475.2,476.16 2 0
user-service/internal/service/workspace_service.go:476.16,478.3 1 0
user-service/internal/service/workspace_service.go:479.2,479.14 1 0
user-service/internal/service/workspace_service.go:479.14,481.3 1 0
user-service/internal/service/workspace_service.go:484.2,485.16 2 0
user-service/internal/service/workspace_service.go:485.16,487.3 1 0
user-service/internal/service/workspace_service.go:488.2,488.16 1 0
user-service/internal/service/workspace_service.go:488.16,490.3 1 0
user-service/internal/service/workspace_service.go:492.2,501.54 2 0
user-service/internal/service/workspace_service.go:501.54,504.3 2 0
user-service/internal/service/workspace_service.go:507.2,507.29 1 0
user-service/internal/service/workspace_service.go:507.29,511.3 1 0
user-service/internal/service/workspace_service.go:513.2,514.21 2 0
user-service/internal/service/workspace_service.go:518.114,521.16 2 0
user-service/internal/service/workspace_service.go:521.16,523.3 1 0
user-service/internal/service/workspace_service.go:524.2,524.58 1 0
user-service/internal/service/workspace_service.go:524.58,526.3 1 0
user-service/internal/service/workspace_service.go:528.2,528.51 1 0
user-service/internal/service/workspace_service.go:532.121,535.16 2 0
user-service/internal/service/workspace_service.go:535.16,537.3 1 0
user-service/internal/service/workspace_service.go:538.2,538.58 1 0
user-service/internal/service/workspace_service.go:538.58,540.3 1 0
user-service/internal/service/workspace_service.go:542.2,542.58 1 0
user-service/internal/service/workspace_service.go:546.170,549.16 2 0
user-service/internal/service/workspace_service.go:549.16,551.3 1 0
user-service/internal/service/workspace_service.go:552.2,552.58 1 0
user-service/internal/service/workspace_service.go:552.58,554.3 1 0
user-service/internal/service/workspace_service.go:556.2,557.16 2 0
user-service/internal/service/workspace_service.go:557.16,559.3 1 0
user-service/internal/service/workspace_service.go:561.2,561.40 1 0
user-service/internal/service/workspace_service.go:561.40,563.3 1 0
user-service/internal/service/workspace_service.go:565.2,565.48 1 0
user-service/internal/service/workspace_service.go:565.48,567.3 1 0
user-service/internal/service/workspace_service.go:569.2,572.54 3 0
user-service/internal/service/workspace_service.go:572.54,575.3 2 0
user-service/internal/service/workspace_service.go:578.2,578.45 1 0
user-service/internal/service/workspace_service.go:578.45,588.53 2 0
user-service/internal/service/workspace_service.go:588.53,591.4 2 0
user-service/internal/service/workspace_service.go:594.3,595.17 2 0
user-service/internal/service/workspace_service.go:595.17,598.30 2 0
user-service/internal/service/workspace_service.go:598.30,600.5 1 0
user-service/internal/service/workspace_service.go:601.4,610.56 2 0
user-service/internal/service/workspace_service.go:610.56,612.5 1 0
user-service/internal/service/workspace_service.go:616.2,617.21 2 0
